<?xml version="1.0" encoding="UTF-8"?>
<!-- Generated by org.testng.reporters.JUnitXMLReporter -->
<testsuite ignored="2" hostname="MANJUNATH" failures="0" tests="7" name="Test" time="0.114" errors="0" timestamp="2022-12-09T12:01:10 IST">
  <testcase classname="com.practiceExcicution.tescase.HomemoduleTEST" name="test3" time="0.012"/>
  <testcase classname="com.practiceExcicution.tescase.PhotoTest" name="test1" time="0.001"/>
  <testcase classname="com.practiceExcicution.tescase.PhotoTest" name="test2" time="0.004"/>
  <testcase classname="com.practiceExcicution.tescase.PhotoTest" name="test3" time="0.002"/>
  <testcase classname="com.practiceExcicution.tescase.userTest" name="test1" time="0.003"/>
  <testcase classname="com.practiceExcicution.tescase.userTest" name="test2" time="0.005"/>
  <testcase classname="com.practiceExcicution.tescase.userTest" name="test3" time="0.003"/>
  <testcase classname="com.practiceExcicution.tescase.HomemoduleTEST" name="test2" time="0.0">
    <ignored/>
  </testcase> <!-- test2 -->
  <testcase classname="com.practiceExcicution.tescase.HomemoduleTEST" name="test1" time="0.0">
    <ignored/>
  </testcase> <!-- test1 -->
</testsuite> <!-- Test -->
