<?xml version="1.0" encoding="UTF-8"?>
<testng-results ignored="2" total="9" passed="7" failed="0" skipped="0">
  <reporter-output>
  </reporter-output>
  <suite started-at="2022-12-09T12:01:10 IST" name="Suite" finished-at="2022-12-09T12:01:10 IST" duration-ms="114">
    <groups>
      <group name="TT">
        <method signature="HomemoduleTEST.test3()[pri:0, instance:com.practiceExcicution.tescase.HomemoduleTEST@2dde1bff]" name="test3" class="com.practiceExcicution.tescase.HomemoduleTEST"/>
        <method signature="PhotoTest.test3()[pri:0, instance:com.practiceExcicution.tescase.PhotoTest@3fb1549b]" name="test3" class="com.practiceExcicution.tescase.PhotoTest"/>
        <method signature="userTest.test3()[pri:0, instance:com.practiceExcicution.tescase.userTest@2b48a640]" name="test3" class="com.practiceExcicution.tescase.userTest"/>
      </group> <!-- TT -->
      <group name="ST">
        <method signature="PhotoTest.test1()[pri:0, instance:com.practiceExcicution.tescase.PhotoTest@3fb1549b]" name="test1" class="com.practiceExcicution.tescase.PhotoTest"/>
        <method signature="userTest.test1()[pri:0, instance:com.practiceExcicution.tescase.userTest@2b48a640]" name="test1" class="com.practiceExcicution.tescase.userTest"/>
      </group> <!-- ST -->
      <group name="RT">
        <method signature="PhotoTest.test2()[pri:0, instance:com.practiceExcicution.tescase.PhotoTest@3fb1549b]" name="test2" class="com.practiceExcicution.tescase.PhotoTest"/>
        <method signature="userTest.test2()[pri:0, instance:com.practiceExcicution.tescase.userTest@2b48a640]" name="test2" class="com.practiceExcicution.tescase.userTest"/>
      </group> <!-- RT -->
    </groups>
    <test started-at="2022-12-09T12:01:10 IST" name="Test" finished-at="2022-12-09T12:01:10 IST" duration-ms="114">
      <class name="com.practiceExcicution.tescase.PhotoTest">
        <test-method signature="test1()[pri:0, instance:com.practiceExcicution.tescase.PhotoTest@3fb1549b]" started-at="2022-12-09T12:01:10 IST" name="test1" finished-at="2022-12-09T12:01:10 IST" duration-ms="1" status="PASS">
          <reporter-output>
          </reporter-output>
        </test-method> <!-- test1 -->
        <test-method signature="test2()[pri:0, instance:com.practiceExcicution.tescase.PhotoTest@3fb1549b]" started-at="2022-12-09T12:01:10 IST" name="test2" finished-at="2022-12-09T12:01:10 IST" duration-ms="4" status="PASS">
          <reporter-output>
          </reporter-output>
        </test-method> <!-- test2 -->
        <test-method signature="test3()[pri:0, instance:com.practiceExcicution.tescase.PhotoTest@3fb1549b]" started-at="2022-12-09T12:01:10 IST" name="test3" finished-at="2022-12-09T12:01:10 IST" duration-ms="2" status="PASS">
          <reporter-output>
          </reporter-output>
        </test-method> <!-- test3 -->
      </class> <!-- com.practiceExcicution.tescase.PhotoTest -->
      <class name="com.practiceExcicution.tescase.HomemoduleTEST">
        <test-method signature="test3()[pri:0, instance:com.practiceExcicution.tescase.HomemoduleTEST@2dde1bff]" started-at="2022-12-09T12:01:10 IST" name="test3" finished-at="2022-12-09T12:01:10 IST" duration-ms="12" status="PASS">
          <reporter-output>
          </reporter-output>
        </test-method> <!-- test3 -->
      </class> <!-- com.practiceExcicution.tescase.HomemoduleTEST -->
      <class name="com.practiceExcicution.tescase.userTest">
        <test-method signature="test1()[pri:0, instance:com.practiceExcicution.tescase.userTest@2b48a640]" started-at="2022-12-09T12:01:10 IST" name="test1" finished-at="2022-12-09T12:01:10 IST" duration-ms="3" status="PASS">
          <reporter-output>
          </reporter-output>
        </test-method> <!-- test1 -->
        <test-method signature="test2()[pri:0, instance:com.practiceExcicution.tescase.userTest@2b48a640]" started-at="2022-12-09T12:01:10 IST" name="test2" finished-at="2022-12-09T12:01:10 IST" duration-ms="5" status="PASS">
          <reporter-output>
          </reporter-output>
        </test-method> <!-- test2 -->
        <test-method signature="test3()[pri:0, instance:com.practiceExcicution.tescase.userTest@2b48a640]" started-at="2022-12-09T12:01:10 IST" name="test3" finished-at="2022-12-09T12:01:10 IST" duration-ms="3" status="PASS">
          <reporter-output>
          </reporter-output>
        </test-method> <!-- test3 -->
      </class> <!-- com.practiceExcicution.tescase.userTest -->
    </test> <!-- Test -->
  </suite> <!-- Suite -->
</testng-results>
